This file contains any messages produced by compilers while
running configure, to aid debugging if configure makes a mistake.

It was created by h264bitstream configure 0.1.9, which was
generated by GNU Autoconf 2.68.  Invocation command line was

  $ ./configure --host=x86_64-unknown-linux-gnu --build=arm-linux-gnueabi --target=arm-linux-gnueabi --with-sysroot=/home/kclyu/Workspace/rpi_rootfs

## --------- ##
## Platform. ##
## --------- ##

hostname = keunchang
uname -m = x86_64
uname -r = 3.13.0-93-generic
uname -s = Linux
uname -v = #140-Ubuntu SMP Mon Jul 18 21:21:05 UTC 2016

/usr/bin/uname -p = unknown
/bin/uname -X     = unknown

/bin/arch              = unknown
/usr/bin/arch -k       = unknown
/usr/convex/getsysinfo = unknown
/usr/bin/hostinfo      = unknown
/bin/machine           = unknown
/usr/bin/oslevel       = unknown
/bin/universe          = unknown

PATH: /home/kclyu/git
PATH: /home/kclyu/depot_tools
PATH: /opt/rpi_tools/arm-bcm2708/gcc-linaro-arm-linux-gnueabihf-raspbian/bin
PATH: /home/kclyu/cmake/bin
PATH: /home/kclyu/Android/android-sdk-linux/platform-tools
PATH: /home/kclyu/Android/android-sdk-linux/tools
PATH: /home/kclyu/Android/android-ndk-r10e
PATH: /home/kclyu/bin
PATH: /opt/ros/indigo/bin
PATH: /home/kclyu/git
PATH: /home/kclyu/depot_tools
PATH: /opt/rpi_tools/arm-bcm2708/gcc-linaro-arm-linux-gnueabihf-raspbian/bin
PATH: /home/kclyu/cmake/bin
PATH: /home/kclyu/Android/android-sdk-linux/platform-tools
PATH: /home/kclyu/Android/android-sdk-linux/tools
PATH: /home/kclyu/Android/android-ndk-r10e
PATH: /home/kclyu/bin
PATH: /home/kclyu/git
PATH: /home/kclyu/depot_tools
PATH: /opt/rpi_tools/arm-bcm2708/gcc-linaro-arm-linux-gnueabihf-raspbian/bin
PATH: /home/kclyu/cmake/bin
PATH: /home/kclyu/Android/android-sdk-linux/platform-tools
PATH: /home/kclyu/Android/android-sdk-linux/tools
PATH: /home/kclyu/Android/android-ndk-r10e
PATH: /home/kclyu/bin
PATH: /home/kclyu/git
PATH: /home/kclyu/depot_tools
PATH: /opt/rpi_tools/arm-bcm2708/gcc-linaro-arm-linux-gnueabihf-raspbian/bin
PATH: /home/kclyu/cmake/bin
PATH: /home/kclyu/Android/android-sdk-linux/platform-tools
PATH: /home/kclyu/Android/android-sdk-linux/tools
PATH: /home/kclyu/Android/android-ndk-r10e
PATH: /home/kclyu/bin
PATH: /home/kclyu/git
PATH: /home/kclyu/depot_tools
PATH: /opt/rpi_tools/arm-bcm2708/gcc-linaro-arm-linux-gnueabihf-raspbian/bin
PATH: /home/kclyu/cmake/bin
PATH: /home/kclyu/Android/android-sdk-linux/platform-tools
PATH: /home/kclyu/Android/android-sdk-linux/tools
PATH: /home/kclyu/Android/android-ndk-r10e
PATH: /home/kclyu/bin
PATH: /home/kclyu/depot_tools
PATH: /opt/rpi_tools/arm-bcm2708/gcc-linaro-arm-linux-gnueabihf-raspbian/bin
PATH: /home/kclyu/cmake/bin
PATH: /home/kclyu/Android/android-sdk-linux/platform-tools
PATH: /home/kclyu/Android/android-sdk-linux/tools
PATH: /home/kclyu/Android/android-ndk-r10e
PATH: /home/kclyu/bin
PATH: /home/kclyu/depot_tools
PATH: /opt/rpi_tools/arm-bcm2708/gcc-linaro-arm-linux-gnueabihf-raspbian/bin
PATH: /home/kclyu/cmake/bin
PATH: /home/kclyu/Android/android-sdk-linux/platform-tools
PATH: /home/kclyu/Android/android-sdk-linux/tools
PATH: /home/kclyu/Android/android-ndk-r10e
PATH: /home/kclyu/bin
PATH: /home/kclyu/depot_tools
PATH: /opt/rpi_tools/arm-bcm2708/gcc-linaro-arm-linux-gnueabihf-raspbian/bin
PATH: /home/kclyu/cmake/bin
PATH: /home/kclyu/Android/android-sdk-linux/platform-tools
PATH: /home/kclyu/Android/android-sdk-linux/tools
PATH: /home/kclyu/Android/android-ndk-r10e
PATH: /home/kclyu/bin
PATH: /opt/depot_tools
PATH: /opt/rpi_tools/arm-bcm2708/gcc-linaro-arm-linux-gnueabihf-raspbian/bin
PATH: /home/kclyu/cmake/bin
PATH: /home/kclyu/Android/android-sdk-linux/platform-tools
PATH: /home/kclyu/Android/android-sdk-linux/tools
PATH: /home/kclyu/Android/android-ndk-r10e
PATH: /home/kclyu/bin
PATH: /opt/rpi_tools/arm-bcm2708/gcc-linaro-arm-linux-gnueabihf-raspbian-x64/bin
PATH: /opt/depot_tools
PATH: /usr/local/sbin
PATH: /usr/local/bin
PATH: /usr/sbin
PATH: /usr/bin
PATH: /sbin
PATH: /bin
PATH: /usr/games
PATH: /usr/local/games


## ----------- ##
## Core tests. ##
## ----------- ##

configure:2138: checking build system type
configure:2152: result: arm-unknown-linux-gnueabi
configure:2172: checking host system type
configure:2185: result: x86_64-unknown-linux-gnu
configure:2205: checking target system type
configure:2218: result: arm-unknown-linux-gnueabi
configure:2273: checking for a BSD-compatible install
configure:2341: result: /usr/bin/install -c
configure:2352: checking whether build environment is sane
configure:2402: result: yes
configure:2451: checking for x86_64-unknown-linux-gnu-strip
configure:2481: result: no
configure:2491: checking for strip
configure:2507: found /usr/bin/strip
configure:2518: result: strip
configure:2530: WARNING: using cross tools not prefixed with host triplet
configure:2543: checking for a thread-safe mkdir -p
configure:2582: result: /bin/mkdir -p
configure:2595: checking for gawk
configure:2611: found /usr/bin/gawk
configure:2622: result: gawk
configure:2633: checking whether make sets $(MAKE)
configure:2655: result: yes
configure:2744: checking for x86_64-unknown-linux-gnu-gcc
configure:2771: result: arm-linux-gnueabihf-gcc
configure:3040: checking for C compiler version
configure:3049: arm-linux-gnueabihf-gcc --version >&5
arm-linux-gnueabihf-gcc (crosstool-NG linaro-1.13.1-4.8-2014.01 - Linaro GCC 2013.11) 4.8.3 20140106 (prerelease)
Copyright (C) 2013 Free Software Foundation, Inc.
This is free software; see the source for copying conditions.  There is NO
warranty; not even for MERCHANTABILITY or FITNESS FOR A PARTICULAR PURPOSE.

configure:3060: $? = 0
configure:3049: arm-linux-gnueabihf-gcc -v >&5
Using built-in specs.
COLLECT_GCC=arm-linux-gnueabihf-gcc
COLLECT_LTO_WRAPPER=/opt/rpi_tools/arm-bcm2708/gcc-linaro-arm-linux-gnueabihf-raspbian/bin/../libexec/gcc/arm-linux-gnueabihf/4.8.3/lto-wrapper
Target: arm-linux-gnueabihf
Configured with: /cbuild/slaves/oorts/crosstool-ng/builds/arm-linux-gnueabihf-raspbian-linux/.build/src/gcc-linaro-4.8-2014.01/configure --build=i686-build_pc-linux-gnu --host=i686-build_pc-linux-gnu --target=arm-linux-gnueabihf --prefix=/cbuild/slaves/oorts/crosstool-ng/builds/arm-linux-gnueabihf-raspbian-linux/install --with-sysroot=/cbuild/slaves/oorts/crosstool-ng/builds/arm-linux-gnueabihf-raspbian-linux/install/arm-linux-gnueabihf/libc --enable-languages=c,c++,fortran --disable-multilib --enable-multiarch --with-arch=armv6 --with-tune=arm1176jz-s --with-fpu=vfp --with-float=hard --with-pkgversion='crosstool-NG linaro-1.13.1-4.8-2014.01 - Linaro GCC 2013.11' --with-bugurl=https://bugs.launchpad.net/gcc-linaro --enable-__cxa_atexit --enable-libmudflap --enable-libgomp --enable-libssp --with-gmp=/cbuild/slaves/oorts/crosstool-ng/builds/arm-linux-gnueabihf-raspbian-linux/.build/arm-linux-gnueabihf/build/static --with-mpfr=/cbuild/slaves/oorts/crosstool-ng/builds/arm-linux-gnueabihf-raspbian-linux/.build/arm-linux-gnueabihf/build/static --with-mpc=/cbuild/slaves/oorts/crosstool-ng/builds/arm-linux-gnueabihf-raspbian-linux/.build/arm-linux-gnueabihf/build/static --with-isl=/cbuild/slaves/oorts/crosstool-ng/builds/arm-linux-gnueabihf-raspbian-linux/.build/arm-linux-gnueabihf/build/static --with-cloog=/cbuild/slaves/oorts/crosstool-ng/builds/arm-linux-gnueabihf-raspbian-linux/.build/arm-linux-gnueabihf/build/static --with-libelf=/cbuild/slaves/oorts/crosstool-ng/builds/arm-linux-gnueabihf-raspbian-linux/.build/arm-linux-gnueabihf/build/static --enable-threads=posix --disable-libstdcxx-pch --enable-linker-build-id --enable-plugin --enable-gold --with-local-prefix=/cbuild/slaves/oorts/crosstool-ng/builds/arm-linux-gnueabihf-raspbian-linux/install/arm-linux-gnueabihf/libc --enable-c99 --enable-long-long --with-float=hard
Thread model: posix
gcc version 4.8.3 20140106 (prerelease) (crosstool-NG linaro-1.13.1-4.8-2014.01 - Linaro GCC 2013.11) 
configure:3060: $? = 0
configure:3049: arm-linux-gnueabihf-gcc -V >&5
arm-linux-gnueabihf-gcc: error: unrecognized command line option '-V'
arm-linux-gnueabihf-gcc: fatal error: no input files
compilation terminated.
configure:3060: $? = 1
configure:3049: arm-linux-gnueabihf-gcc -qversion >&5
arm-linux-gnueabihf-gcc: error: unrecognized command line option '-qversion'
arm-linux-gnueabihf-gcc: fatal error: no input files
compilation terminated.
configure:3060: $? = 1
configure:3080: checking whether the C compiler works
configure:3102: arm-linux-gnueabihf-gcc    conftest.c  >&5
configure:3106: $? = 0
configure:3154: result: yes
configure:3157: checking for C compiler default output file name
configure:3159: result: a.out
configure:3165: checking for suffix of executables
configure:3172: arm-linux-gnueabihf-gcc -o conftest    conftest.c  >&5
configure:3176: $? = 0
configure:3198: result: 
configure:3220: checking whether we are cross compiling
configure:3258: result: yes
configure:3263: checking for suffix of object files
configure:3285: arm-linux-gnueabihf-gcc -c   conftest.c >&5
configure:3289: $? = 0
configure:3310: result: o
configure:3314: checking whether we are using the GNU C compiler
configure:3333: arm-linux-gnueabihf-gcc -c   conftest.c >&5
configure:3333: $? = 0
configure:3342: result: yes
configure:3351: checking whether arm-linux-gnueabihf-gcc accepts -g
configure:3371: arm-linux-gnueabihf-gcc -c -g  conftest.c >&5
configure:3371: $? = 0
configure:3412: result: yes
configure:3429: checking for arm-linux-gnueabihf-gcc option to accept ISO C89
configure:3493: arm-linux-gnueabihf-gcc  -c -g -O2  conftest.c >&5
configure:3493: $? = 0
configure:3506: result: none needed
configure:3537: checking for style of include used by make
configure:3565: result: GNU
configure:3591: checking dependency style of arm-linux-gnueabihf-gcc
configure:3702: result: gcc3
configure:3718: checking whether arm-linux-gnueabihf-gcc and cc understand -c and -o together
configure:3749: arm-linux-gnueabihf-gcc -c conftest.c -o conftest2.o >&5
configure:3753: $? = 0
configure:3759: arm-linux-gnueabihf-gcc -c conftest.c -o conftest2.o >&5
configure:3763: $? = 0
configure:3774: cc -c conftest.c >&5
configure:3778: $? = 0
configure:3786: cc -c conftest.c -o conftest2.o >&5
configure:3790: $? = 0
configure:3796: cc -c conftest.c -o conftest2.o >&5
configure:3800: $? = 0
configure:3818: result: yes
configure:3843: checking for a sed that does not truncate output
configure:3907: result: /bin/sed
configure:3925: checking for grep that handles long lines and -e
configure:3983: result: /bin/grep
configure:3988: checking for egrep
configure:4050: result: /bin/grep -E
configure:4055: checking for fgrep
configure:4117: result: /bin/grep -F
configure:4144: checking how to print strings
configure:4171: result: printf
configure:4204: checking for ld used by arm-linux-gnueabihf-gcc
configure:4271: result: arm-linux-gnueabihf-ld
configure:4278: checking if the linker (arm-linux-gnueabihf-ld) is GNU ld
configure:4293: result: yes
configure:4348: checking for BSD- or MS-compatible name lister (nm)
configure:4397: result: no
configure:4411: checking for x86_64-unknown-linux-gnu-dumpbin
configure:4441: result: no
configure:4411: checking for x86_64-unknown-linux-gnu-link
configure:4441: result: no
configure:4455: checking for dumpbin
configure:4485: result: no
configure:4455: checking for link
configure:4471: found /usr/bin/link
configure:4482: result: link -dump
configure:4527: checking the name lister (nm) interface
configure:4534: arm-linux-gnueabihf-gcc -c -g -O2  conftest.c >&5
configure:4537: nm "conftest.o"
configure:4540: output
00000000 b $d
00000000 B some_variable
configure:4547: result: BSD nm
configure:4550: checking whether ln -s works
configure:4554: result: yes
configure:4562: checking the maximum length of command line arguments
configure:4692: result: 1572864
configure:4709: checking whether the shell understands some XSI constructs
configure:4719: result: yes
configure:4723: checking whether the shell understands "+="
configure:4729: result: yes
configure:4764: checking how to convert arm-unknown-linux-gnueabi file names to x86_64-unknown-linux-gnu format
configure:4804: result: func_convert_file_noop
configure:4811: checking how to convert arm-unknown-linux-gnueabi file names to toolchain format
configure:4831: result: func_convert_file_noop
configure:4838: checking for arm-linux-gnueabihf-ld option to reload object files
configure:4845: result: -r
configure:4879: checking for x86_64-unknown-linux-gnu-objdump
configure:4909: result: no
configure:4919: checking for objdump
configure:4935: found /usr/bin/objdump
configure:4946: result: objdump
configure:4978: checking how to recognize dependent libraries
configure:5180: result: pass_all
configure:5225: checking for x86_64-unknown-linux-gnu-dlltool
configure:5255: result: no
configure:5265: checking for dlltool
configure:5295: result: no
configure:5325: checking how to associate runtime and link libraries
configure:5352: result: printf %s\n
configure:5369: checking for x86_64-unknown-linux-gnu-ar
configure:5396: result: arm-linux-gnueabihf-ar
configure:5477: checking for archiver @FILE support
configure:5494: arm-linux-gnueabihf-gcc -c -g -O2  conftest.c >&5
configure:5494: $? = 0
configure:5497: arm-linux-gnueabihf-ar cru libconftest.a @conftest.lst >&5
configure:5500: $? = 0
configure:5505: arm-linux-gnueabihf-ar cru libconftest.a @conftest.lst >&5
arm-linux-gnueabihf-ar: conftest.o: No such file or directory
configure:5508: $? = 1
configure:5520: result: @
configure:5538: checking for x86_64-unknown-linux-gnu-strip
configure:5565: result: strip
configure:5637: checking for x86_64-unknown-linux-gnu-ranlib
configure:5664: result: arm-linux-gnueabihf-ranlib
configure:5806: checking command to parse nm output from arm-linux-gnueabihf-gcc object
configure:5926: arm-linux-gnueabihf-gcc -c -g -O2  conftest.c >&5
configure:5929: $? = 0
configure:5933: nm conftest.o \| sed -n -e 's/^.*[ ]\([ABCDGIRSTW][ABCDGIRSTW]*\)[ ][ ]*\([_A-Za-z][_A-Za-z0-9]*\)$/\1 \2 \2/p' | sed '/ __gnu_lto/d' \> conftest.nm
configure:5936: $? = 0
configure:6002: arm-linux-gnueabihf-gcc -o conftest -g -O2   conftest.c conftstm.o >&5
configure:6005: $? = 0
configure:6043: result: ok
configure:6080: checking for sysroot
configure:6110: result: /home/kclyu/Workspace/rpi_rootfs
configure:6187: arm-linux-gnueabihf-gcc -c -g -O2  conftest.c >&5
configure:6190: $? = 0
configure:6326: checking for x86_64-unknown-linux-gnu-mt
configure:6356: result: no
configure:6366: checking for mt
configure:6382: found /bin/mt
configure:6393: result: mt
configure:6416: checking if mt is a manifest tool
configure:6422: mt '-?'
configure:6430: result: no
configure:7072: checking how to run the C preprocessor
configure:7103: arm-linux-gnueabihf-gcc -E  conftest.c
configure:7103: $? = 0
configure:7117: arm-linux-gnueabihf-gcc -E  conftest.c
conftest.c:11:28: fatal error: ac_nonexistent.h: No such file or directory
 #include <ac_nonexistent.h>
                            ^
compilation terminated.
configure:7117: $? = 1
configure: failed program was:
| /* confdefs.h */
| #define PACKAGE_NAME "h264bitstream"
| #define PACKAGE_TARNAME "h264bitstream"
| #define PACKAGE_VERSION "0.1.9"
| #define PACKAGE_STRING "h264bitstream 0.1.9"
| #define PACKAGE_BUGREPORT "aizvorski@gmail.com"
| #define PACKAGE_URL ""
| #define PACKAGE "h264bitstream"
| #define VERSION "0.1.9"
| /* end confdefs.h.  */
| #include <ac_nonexistent.h>
configure:7142: result: arm-linux-gnueabihf-gcc -E
configure:7162: arm-linux-gnueabihf-gcc -E  conftest.c
configure:7162: $? = 0
configure:7176: arm-linux-gnueabihf-gcc -E  conftest.c
conftest.c:11:28: fatal error: ac_nonexistent.h: No such file or directory
 #include <ac_nonexistent.h>
                            ^
compilation terminated.
configure:7176: $? = 1
configure: failed program was:
| /* confdefs.h */
| #define PACKAGE_NAME "h264bitstream"
| #define PACKAGE_TARNAME "h264bitstream"
| #define PACKAGE_VERSION "0.1.9"
| #define PACKAGE_STRING "h264bitstream 0.1.9"
| #define PACKAGE_BUGREPORT "aizvorski@gmail.com"
| #define PACKAGE_URL ""
| #define PACKAGE "h264bitstream"
| #define VERSION "0.1.9"
| /* end confdefs.h.  */
| #include <ac_nonexistent.h>
configure:7205: checking for ANSI C header files
configure:7225: arm-linux-gnueabihf-gcc -c -g -O2  conftest.c >&5
configure:7225: $? = 0
configure:7309: result: yes
configure:7322: checking for sys/types.h
configure:7322: arm-linux-gnueabihf-gcc -c -g -O2  conftest.c >&5
configure:7322: $? = 0
configure:7322: result: yes
configure:7322: checking for sys/stat.h
configure:7322: arm-linux-gnueabihf-gcc -c -g -O2  conftest.c >&5
configure:7322: $? = 0
configure:7322: result: yes
configure:7322: checking for stdlib.h
configure:7322: arm-linux-gnueabihf-gcc -c -g -O2  conftest.c >&5
configure:7322: $? = 0
configure:7322: result: yes
configure:7322: checking for string.h
configure:7322: arm-linux-gnueabihf-gcc -c -g -O2  conftest.c >&5
configure:7322: $? = 0
configure:7322: result: yes
configure:7322: checking for memory.h
configure:7322: arm-linux-gnueabihf-gcc -c -g -O2  conftest.c >&5
configure:7322: $? = 0
configure:7322: result: yes
configure:7322: checking for strings.h
configure:7322: arm-linux-gnueabihf-gcc -c -g -O2  conftest.c >&5
configure:7322: $? = 0
configure:7322: result: yes
configure:7322: checking for inttypes.h
configure:7322: arm-linux-gnueabihf-gcc -c -g -O2  conftest.c >&5
configure:7322: $? = 0
configure:7322: result: yes
configure:7322: checking for stdint.h
configure:7322: arm-linux-gnueabihf-gcc -c -g -O2  conftest.c >&5
configure:7322: $? = 0
configure:7322: result: yes
configure:7322: checking for unistd.h
configure:7322: arm-linux-gnueabihf-gcc -c -g -O2  conftest.c >&5
configure:7322: $? = 0
configure:7322: result: yes
configure:7336: checking for dlfcn.h
configure:7336: arm-linux-gnueabihf-gcc -c -g -O2  conftest.c >&5
configure:7336: $? = 0
configure:7336: result: yes
configure:7542: checking for objdir
configure:7557: result: .libs
configure:7828: checking if arm-linux-gnueabihf-gcc supports -fno-rtti -fno-exceptions
configure:7846: arm-linux-gnueabihf-gcc -c -g -O2  -fno-rtti -fno-exceptions conftest.c >&5
cc1: warning: command line option '-fno-rtti' is valid for C++/ObjC++ but not for C [enabled by default]
configure:7850: $? = 0
configure:7863: result: no
configure:8190: checking for arm-linux-gnueabihf-gcc option to produce PIC
configure:8197: result: -fPIC -DPIC
configure:8205: checking if arm-linux-gnueabihf-gcc PIC flag -fPIC -DPIC works
configure:8223: arm-linux-gnueabihf-gcc -c -g -O2  -fPIC -DPIC -DPIC conftest.c >&5
configure:8227: $? = 0
configure:8240: result: yes
configure:8269: checking if arm-linux-gnueabihf-gcc static flag -static works
configure:8297: result: yes
configure:8312: checking if arm-linux-gnueabihf-gcc supports -c -o file.o
configure:8333: arm-linux-gnueabihf-gcc -c -g -O2  -o out/conftest2.o conftest.c >&5
configure:8337: $? = 0
configure:8359: result: yes
configure:8367: checking if arm-linux-gnueabihf-gcc supports -c -o file.o
configure:8414: result: yes
configure:8447: checking whether the arm-linux-gnueabihf-gcc linker (arm-linux-gnueabihf-ld -m elf_i386) supports shared libraries
configure:9600: result: no
configure:9840: checking dynamic linker characteristics
configure:10351: arm-linux-gnueabihf-gcc -o conftest -g -O2    conftest.c  >&5
configure:10351: $? = 0
configure:10573: result: GNU/Linux ld.so
configure:10680: checking how to hardcode library paths into programs
configure:10705: result: unsupported
configure:11245: checking whether stripping libraries is possible
configure:11250: result: yes
configure:11285: checking if libtool supports shared libraries
configure:11287: result: no
configure:11290: checking whether to build shared libraries
configure:11311: result: no
configure:11314: checking whether to build static libraries
configure:11318: result: yes
configure:11358: checking for getopt_long
configure:11358: arm-linux-gnueabihf-gcc -o conftest -g -O2   conftest.c  >&5
configure:11358: $? = 0
configure:11358: result: yes
configure:11376: checking Checking for --enable-debug flag
configure:11386: result: no
configure:11409: checking our pkgconfig libname
configure:11417: result: libh264bitstream
configure:11420: checking our pkgconfig version
configure:11428: result: 0.1.9
configure:11431: checking our pkgconfig_libdir
configure:11438: result: ${libdir}/pkgconfig
configure:11441: result: expanded our pkgconfig_libdir... /usr/local/lib/pkgconfig
configure:11445: checking our pkgconfig_libfile
configure:11451: result: libh264bitstream.pc
configure:11458: checking our package / suffix
configure:11462: result: h264bitstream / 
configure:11465: checking our pkgconfig description
configure:11472: result: libh264bitstream Library
configure:11475: checking our pkgconfig requires
configure:11480: result: 
configure:11483: checking our pkgconfig ext libs
configure:11490: result: ${libdir}/libh264bitstream.la
configure:11493: checking our pkgconfig cppflags
configure:11498: result: 
configure:11501: checking our pkgconfig ldflags
configure:11506: result: 
configure:11581: result: noninstalled pkgconfig -I /home/kclyu/Workspace/rpi-webrtc-streamer/src/h264bitstream/.
configure:11755: creating ./config.status

## ---------------------- ##
## Running config.status. ##
## ---------------------- ##

This file was extended by h264bitstream config.status 0.1.9, which was
generated by GNU Autoconf 2.68.  Invocation command line was

  CONFIG_FILES    = 
  CONFIG_HEADERS  = 
  CONFIG_LINKS    = 
  CONFIG_COMMANDS = 
  $ ./config.status 

on keunchang

config.status:1039: creating Makefile
config.status:1211: executing depfiles commands
config.status:1211: executing libtool commands
config.status:1211: executing libh264bitstream.pc commands
config.status:1952: creating libh264bitstream.pc.in
config.status:1975: creating libh264bitstream.pc
config.status:2001: creating libh264bitstream-uninstalled.pc
config.status:2031: creating libh264bitstream-uninstalled.sh

## ---------------- ##
## Cache variables. ##
## ---------------- ##

ac_cv_build=arm-unknown-linux-gnueabi
ac_cv_c_compiler_gnu=yes
ac_cv_env_CC_set=set
ac_cv_env_CC_value=arm-linux-gnueabihf-gcc
ac_cv_env_CFLAGS_set=
ac_cv_env_CFLAGS_value=
ac_cv_env_CPPFLAGS_set=
ac_cv_env_CPPFLAGS_value=
ac_cv_env_CPP_set=
ac_cv_env_CPP_value=
ac_cv_env_LDFLAGS_set=
ac_cv_env_LDFLAGS_value=
ac_cv_env_LIBS_set=
ac_cv_env_LIBS_value=
ac_cv_env_build_alias_set=set
ac_cv_env_build_alias_value=arm-linux-gnueabi
ac_cv_env_host_alias_set=set
ac_cv_env_host_alias_value=x86_64-unknown-linux-gnu
ac_cv_env_target_alias_set=set
ac_cv_env_target_alias_value=arm-linux-gnueabi
ac_cv_func_getopt_long=yes
ac_cv_header_dlfcn_h=yes
ac_cv_header_inttypes_h=yes
ac_cv_header_memory_h=yes
ac_cv_header_stdc=yes
ac_cv_header_stdint_h=yes
ac_cv_header_stdlib_h=yes
ac_cv_header_string_h=yes
ac_cv_header_strings_h=yes
ac_cv_header_sys_stat_h=yes
ac_cv_header_sys_types_h=yes
ac_cv_header_unistd_h=yes
ac_cv_host=x86_64-unknown-linux-gnu
ac_cv_objext=o
ac_cv_path_EGREP='/bin/grep -E'
ac_cv_path_FGREP='/bin/grep -F'
ac_cv_path_GREP=/bin/grep
ac_cv_path_SED=/bin/sed
ac_cv_path_install='/usr/bin/install -c'
ac_cv_path_mkdir=/bin/mkdir
ac_cv_prog_AR=arm-linux-gnueabihf-ar
ac_cv_prog_AWK=gawk
ac_cv_prog_CC=arm-linux-gnueabihf-gcc
ac_cv_prog_CPP='arm-linux-gnueabihf-gcc -E'
ac_cv_prog_RANLIB=arm-linux-gnueabihf-ranlib
ac_cv_prog_STRIP=strip
ac_cv_prog_ac_ct_DUMPBIN='link -dump'
ac_cv_prog_ac_ct_MANIFEST_TOOL=mt
ac_cv_prog_ac_ct_OBJDUMP=objdump
ac_cv_prog_ac_ct_STRIP=strip
ac_cv_prog_cc_arm_linux_gnueabihf_gcc_c_o=yes
ac_cv_prog_cc_c89=
ac_cv_prog_cc_g=yes
ac_cv_prog_make_make_set=yes
ac_cv_target=arm-unknown-linux-gnueabi
am_cv_CC_dependencies_compiler_type=gcc3
lt_cv_ar_at_file=@
lt_cv_deplibs_check_method=pass_all
lt_cv_file_magic_cmd='$MAGIC_CMD'
lt_cv_file_magic_test_file=
lt_cv_ld_reload_flag=-r
lt_cv_nm_interface='BSD nm'
lt_cv_objdir=.libs
lt_cv_path_LD=arm-linux-gnueabihf-ld
lt_cv_path_NM=no
lt_cv_path_mainfest_tool=no
lt_cv_prog_compiler_c_o=yes
lt_cv_prog_compiler_pic='-fPIC -DPIC'
lt_cv_prog_compiler_pic_works=yes
lt_cv_prog_compiler_rtti_exceptions=no
lt_cv_prog_compiler_static_works=yes
lt_cv_prog_gnu_ld=yes
lt_cv_sharedlib_from_linklib_cmd='printf %s\n'
lt_cv_shlibpath_overrides_runpath=no
lt_cv_sys_global_symbol_pipe='sed -n -e '\''s/^.*[	 ]\([ABCDGIRSTW][ABCDGIRSTW]*\)[	 ][	 ]*\([_A-Za-z][_A-Za-z0-9]*\)$/\1 \2 \2/p'\'' | sed '\''/ __gnu_lto/d'\'''
lt_cv_sys_global_symbol_to_c_name_address='sed -n -e '\''s/^: \([^ ]*\)[ ]*$/  {\"\1\", (void *) 0},/p'\'' -e '\''s/^[ABCDGIRSTW]* \([^ ]*\) \([^ ]*\)$/  {"\2", (void *) \&\2},/p'\'''
lt_cv_sys_global_symbol_to_c_name_address_lib_prefix='sed -n -e '\''s/^: \([^ ]*\)[ ]*$/  {\"\1\", (void *) 0},/p'\'' -e '\''s/^[ABCDGIRSTW]* \([^ ]*\) \(lib[^ ]*\)$/  {"\2", (void *) \&\2},/p'\'' -e '\''s/^[ABCDGIRSTW]* \([^ ]*\) \([^ ]*\)$/  {"lib\2", (void *) \&\2},/p'\'''
lt_cv_sys_global_symbol_to_cdecl='sed -n -e '\''s/^T .* \(.*\)$/extern int \1();/p'\'' -e '\''s/^[ABCDGIRSTW]* .* \(.*\)$/extern char \1;/p'\'''
lt_cv_sys_max_cmd_len=1572864
lt_cv_to_host_file_cmd=func_convert_file_noop
lt_cv_to_tool_file_cmd=func_convert_file_noop

## ----------------- ##
## Output variables. ##
## ----------------- ##

ACLOCAL='${SHELL} /home/kclyu/Workspace/rpi-webrtc-streamer/src/h264bitstream/build-aux/missing --run aclocal-1.11'
AMDEPBACKSLASH='\'
AMDEP_FALSE='#'
AMDEP_TRUE=''
AMTAR='$${TAR-tar}'
AM_CFLAGS=' -O2 -g -Wall'
AR='arm-linux-gnueabihf-ar'
AUTOCONF='${SHELL} /home/kclyu/Workspace/rpi-webrtc-streamer/src/h264bitstream/build-aux/missing --run autoconf'
AUTOHEADER='${SHELL} /home/kclyu/Workspace/rpi-webrtc-streamer/src/h264bitstream/build-aux/missing --run autoheader'
AUTOMAKE='${SHELL} /home/kclyu/Workspace/rpi-webrtc-streamer/src/h264bitstream/build-aux/missing --run automake-1.11'
AWK='gawk'
CC='arm-linux-gnueabihf-gcc'
CCDEPMODE='depmode=gcc3'
CFLAGS='-g -O2'
CPP='arm-linux-gnueabihf-gcc -E'
CPPFLAGS=''
CYGPATH_W='echo'
DEFS='-DPACKAGE_NAME=\"h264bitstream\" -DPACKAGE_TARNAME=\"h264bitstream\" -DPACKAGE_VERSION=\"0.1.9\" -DPACKAGE_STRING=\"h264bitstream\ 0.1.9\" -DPACKAGE_BUGREPORT=\"aizvorski@gmail.com\" -DPACKAGE_URL=\"\" -DPACKAGE=\"h264bitstream\" -DVERSION=\"0.1.9\" -DSTDC_HEADERS=1 -DHAVE_SYS_TYPES_H=1 -DHAVE_SYS_STAT_H=1 -DHAVE_STDLIB_H=1 -DHAVE_STRING_H=1 -DHAVE_MEMORY_H=1 -DHAVE_STRINGS_H=1 -DHAVE_INTTYPES_H=1 -DHAVE_STDINT_H=1 -DHAVE_UNISTD_H=1 -DHAVE_DLFCN_H=1 -DLT_OBJDIR=\".libs/\" -DHAVE_GETOPT_LONG=1 -DNDEBUG=/\*\*/'
DEPDIR='.deps'
DLLTOOL='false'
DSYMUTIL=''
DUMPBIN=':'
ECHO_C=''
ECHO_N='-n'
ECHO_T=''
EGREP='/bin/grep -E'
EXEEXT=''
EXTRA_CFLAGS='-std=c99 -Wno-error'
FGREP='/bin/grep -F'
GREP='/bin/grep'
INSTALL_DATA='${INSTALL} -m 644'
INSTALL_PROGRAM='${INSTALL}'
INSTALL_SCRIPT='${INSTALL}'
INSTALL_STRIP_PROGRAM='$(install_sh) -c -s'
LD='arm-linux-gnueabihf-ld -m elf_i386'
LDFLAGS=''
LIBOBJS=''
LIBS=''
LIBTOOL='$(SHELL) $(top_builddir)/libtool'
LIPO=''
LN_S='ln -s'
LTLIBOBJS=''
MAKEINFO='${SHELL} /home/kclyu/Workspace/rpi-webrtc-streamer/src/h264bitstream/build-aux/missing --run makeinfo'
MANIFEST_TOOL=':'
MKDIR_P='/bin/mkdir -p'
NM='nm'
NMEDIT=''
OBJDUMP='objdump'
OBJEXT='o'
OTOOL64=''
OTOOL=''
PACKAGE='h264bitstream'
PACKAGE_BUGREPORT='aizvorski@gmail.com'
PACKAGE_NAME='h264bitstream'
PACKAGE_STRING='h264bitstream 0.1.9'
PACKAGE_TARNAME='h264bitstream'
PACKAGE_URL=''
PACKAGE_VERSION='0.1.9'
PATH_SEPARATOR=':'
RANLIB='arm-linux-gnueabihf-ranlib'
SED='/bin/sed'
SET_MAKE=''
SHELL='/bin/bash'
STRIP='strip'
VERSION='0.1.9'
ac_ct_AR=''
ac_ct_CC=''
ac_ct_DUMPBIN='link -dump'
am__EXEEXT_FALSE=''
am__EXEEXT_TRUE='#'
am__fastdepCC_FALSE='#'
am__fastdepCC_TRUE=''
am__include='include'
am__isrc=''
am__leading_dot='.'
am__nodep='_no'
am__quote=''
am__tar='$${TAR-tar} chof - "$$tardir"'
am__untar='$${TAR-tar} xf -'
bindir='${exec_prefix}/bin'
build='arm-unknown-linux-gnueabi'
build_alias='arm-linux-gnueabi'
build_cpu='arm'
build_os='linux-gnueabi'
build_vendor='unknown'
datadir='${datarootdir}'
datarootdir='${prefix}/share'
docdir='${datarootdir}/doc/${PACKAGE_TARNAME}'
dvidir='${docdir}'
exec_prefix='${prefix}'
host='x86_64-unknown-linux-gnu'
host_alias='x86_64-unknown-linux-gnu'
host_cpu='x86_64'
host_os='linux-gnu'
host_vendor='unknown'
htmldir='${docdir}'
includedir='${prefix}/include'
infodir='${datarootdir}/info'
install_sh='${SHELL} /home/kclyu/Workspace/rpi-webrtc-streamer/src/h264bitstream/build-aux/install-sh'
libdir='${exec_prefix}/lib'
libexecdir='${exec_prefix}/libexec'
localedir='${datarootdir}/locale'
localstatedir='${prefix}/var'
mandir='${datarootdir}/man'
mkdir_p='/bin/mkdir -p'
oldincludedir='/usr/include'
pdfdir='${docdir}'
pkgconfig_libdir='${libdir}/pkgconfig'
pkgconfig_libfile='libh264bitstream.pc'
prefix='/usr/local'
program_transform_name='s&^&arm-linux-gnueabi-&'
psdir='${docdir}'
sbindir='${exec_prefix}/sbin'
sharedstatedir='${prefix}/com'
sysconfdir='${prefix}/etc'
target='arm-unknown-linux-gnueabi'
target_alias='arm-linux-gnueabi'
target_cpu='arm'
target_os='linux-gnueabi'
target_vendor='unknown'

## ----------- ##
## confdefs.h. ##
## ----------- ##

/* confdefs.h */
#define PACKAGE_NAME "h264bitstream"
#define PACKAGE_TARNAME "h264bitstream"
#define PACKAGE_VERSION "0.1.9"
#define PACKAGE_STRING "h264bitstream 0.1.9"
#define PACKAGE_BUGREPORT "aizvorski@gmail.com"
#define PACKAGE_URL ""
#define PACKAGE "h264bitstream"
#define VERSION "0.1.9"
#define STDC_HEADERS 1
#define HAVE_SYS_TYPES_H 1
#define HAVE_SYS_STAT_H 1
#define HAVE_STDLIB_H 1
#define HAVE_STRING_H 1
#define HAVE_MEMORY_H 1
#define HAVE_STRINGS_H 1
#define HAVE_INTTYPES_H 1
#define HAVE_STDINT_H 1
#define HAVE_UNISTD_H 1
#define HAVE_DLFCN_H 1
#define LT_OBJDIR ".libs/"
#define HAVE_GETOPT_LONG 1
#define NDEBUG /**/

configure: exit 0
